<?xml version="1.0" encoding="UTF-8"?>
<!-- Generated by org.testng.reporters.JUnitReportReporter -->
<testsuite skipped="0" hostname="DESKTOP-RNTJV4M" name="Main.TestCase" tests="1" failures="0" timestamp="2020-02-11T00:04:37 EET" time="178.459" errors="0">
  <testcase name="OnlineShop" time="178.459" classname="Main.TestCase"/>
</testsuite> <!-- Main.TestCase -->
