<?xml version="1.0" encoding="UTF-8"?>
<!-- Generated by org.testng.reporters.JUnitReportReporter -->
<testsuite skipped="0" hostname="DESKTOP-RNTJV4M" name="TesTCases.ExpensiveSaller" tests="2" failures="0" timestamp="2020-02-12T12:01:06 EET" time="1.424" errors="0">
  <testcase name="saller_Dresses" time="0.227" classname="TesTCases.ExpensiveSaller"/>
  <testcase name="get_Max_Price" time="1.197" classname="TesTCases.ExpensiveSaller"/>
</testsuite> <!-- TesTCases.ExpensiveSaller -->
