<?xml version="1.0" encoding="UTF-8"?>
<!-- Generated by org.testng.reporters.JUnitReportReporter -->
<testsuite skipped="0" hostname="DESKTOP-RNTJV4M" name="TesTCases.WomenDresses" tests="2" failures="0" timestamp="2020-02-12T12:01:06 EET" time="52.459" errors="0">
  <testcase name="get_Discound_Price" time="50.024" classname="TesTCases.WomenDresses"/>
  <testcase name="women_Dresses_Displayed" time="2.435" classname="TesTCases.WomenDresses"/>
</testsuite> <!-- TesTCases.WomenDresses -->
