<?xml version="1.0" encoding="UTF-8"?>
<!-- Generated by org.testng.reporters.JUnitReportReporter -->
<testsuite skipped="0" hostname="DESKTOP-RNTJV4M" name="Utilities.ExcelUtil" tests="1" failures="0" timestamp="2020-02-10T23:41:20 EET" time="0.414" errors="0">
  <testcase name="ReadExcel" time="0.414" classname="Utilities.ExcelUtil"/>
</testsuite> <!-- Utilities.ExcelUtil -->
