<?xml version="1.0" encoding="UTF-8"?>
<!-- Generated by org.testng.reporters.JUnitReportReporter -->
<testsuite skipped="0" hostname="DESKTOP-RNTJV4M" name="TesTCases.CheapestPoplar" tests="2" failures="0" timestamp="2020-02-12T12:01:06 EET" time="1.759" errors="0">
  <testcase name="poplar_Dresses" time="0.148" classname="TesTCases.CheapestPoplar"/>
  <testcase name="get_Less_Price" time="1.611" classname="TesTCases.CheapestPoplar"/>
</testsuite> <!-- TesTCases.CheapestPoplar -->
